<?xml version="1.0" encoding="UTF-8"?>
<testng-results ignored="0" total="3" passed="3" failed="0" skipped="0">
  <reporter-output>
  </reporter-output>
  <suite started-at="2025-08-29T18:06:13 IST" name="Suite" finished-at="2025-08-29T18:06:32 IST" duration-ms="18385">
    <groups>
    </groups>
    <test started-at="2025-08-29T18:06:13 IST" name="Test" finished-at="2025-08-29T18:06:32 IST" duration-ms="18385">
      <class name="com.orangehrm.tests.LoginOrangeHRM">
        <test-method is-config="true" signature="setupreport()[pri:0, instance:com.orangehrm.tests.LoginOrangeHRM@7eac9008]" started-at="2025-08-29T18:06:13 IST" name="setupreport" finished-at="2025-08-29T18:06:13 IST" duration-ms="228" status="PASS">
          <reporter-output>
          </reporter-output>
        </test-method> <!-- setupreport -->
        <test-method is-config="true" signature="setup()[pri:0, instance:com.orangehrm.tests.LoginOrangeHRM@7eac9008]" started-at="2025-08-29T18:06:14 IST" name="setup" finished-at="2025-08-29T18:06:18 IST" duration-ms="4247" status="PASS">
          <reporter-output>
          </reporter-output>
        </test-method> <!-- setup -->
        <test-method signature="verifylogin(java.lang.String,java.lang.String)[pri:0, instance:com.orangehrm.tests.LoginOrangeHRM@7eac9008]" started-at="2025-08-29T18:06:18 IST" name="verifylogin" data-provider="logindata" finished-at="2025-08-29T18:06:20 IST" duration-ms="2133" status="PASS">
          <params>
            <param index="0">
              <value>
                <![CDATA[Admin]]>
              </value>
            </param>
            <param index="1">
              <value>
                <![CDATA[admin123]]>
              </value>
            </param>
          </params>
          <reporter-output>
          </reporter-output>
        </test-method> <!-- verifylogin -->
        <test-method is-config="true" signature="teardown()[pri:0, instance:com.orangehrm.tests.LoginOrangeHRM@7eac9008]" started-at="2025-08-29T18:06:20 IST" name="teardown" finished-at="2025-08-29T18:06:21 IST" duration-ms="171" status="PASS">
          <reporter-output>
          </reporter-output>
        </test-method> <!-- teardown -->
        <test-method is-config="true" signature="setup()[pri:0, instance:com.orangehrm.tests.LoginOrangeHRM@7eac9008]" started-at="2025-08-29T18:06:21 IST" name="setup" finished-at="2025-08-29T18:06:24 IST" duration-ms="3708" status="PASS">
          <reporter-output>
          </reporter-output>
        </test-method> <!-- setup -->
        <test-method signature="verifylogin(java.lang.String,java.lang.String)[pri:0, instance:com.orangehrm.tests.LoginOrangeHRM@7eac9008]" started-at="2025-08-29T18:06:24 IST" name="verifylogin" data-provider="logindata" finished-at="2025-08-29T18:06:26 IST" duration-ms="2013" status="PASS">
          <params>
            <param index="0">
              <value>
                <![CDATA[Admin]]>
              </value>
            </param>
            <param index="1">
              <value>
                <![CDATA[admin123]]>
              </value>
            </param>
          </params>
          <reporter-output>
          </reporter-output>
        </test-method> <!-- verifylogin -->
        <test-method is-config="true" signature="teardown()[pri:0, instance:com.orangehrm.tests.LoginOrangeHRM@7eac9008]" started-at="2025-08-29T18:06:26 IST" name="teardown" finished-at="2025-08-29T18:06:26 IST" duration-ms="136" status="PASS">
          <reporter-output>
          </reporter-output>
        </test-method> <!-- teardown -->
        <test-method is-config="true" signature="setup()[pri:0, instance:com.orangehrm.tests.LoginOrangeHRM@7eac9008]" started-at="2025-08-29T18:06:26 IST" name="setup" finished-at="2025-08-29T18:06:30 IST" duration-ms="3139" status="PASS">
          <reporter-output>
          </reporter-output>
        </test-method> <!-- setup -->
        <test-method signature="verifylogin(java.lang.String,java.lang.String)[pri:0, instance:com.orangehrm.tests.LoginOrangeHRM@7eac9008]" started-at="2025-08-29T18:06:30 IST" name="verifylogin" data-provider="logindata" finished-at="2025-08-29T18:06:32 IST" duration-ms="2005" status="PASS">
          <params>
            <param index="0">
              <value>
                <![CDATA[Admin]]>
              </value>
            </param>
            <param index="1">
              <value>
                <![CDATA[admin123]]>
              </value>
            </param>
          </params>
          <reporter-output>
          </reporter-output>
        </test-method> <!-- verifylogin -->
        <test-method is-config="true" signature="teardown()[pri:0, instance:com.orangehrm.tests.LoginOrangeHRM@7eac9008]" started-at="2025-08-29T18:06:32 IST" name="teardown" finished-at="2025-08-29T18:06:32 IST" duration-ms="145" status="PASS">
          <reporter-output>
          </reporter-output>
        </test-method> <!-- teardown -->
        <test-method is-config="true" signature="flushreport()[pri:0, instance:com.orangehrm.tests.LoginOrangeHRM@7eac9008]" started-at="2025-08-29T18:06:32 IST" name="flushreport" finished-at="2025-08-29T18:06:32 IST" duration-ms="220" status="PASS">
          <reporter-output>
          </reporter-output>
        </test-method> <!-- flushreport -->
      </class> <!-- com.orangehrm.tests.LoginOrangeHRM -->
    </test> <!-- Test -->
  </suite> <!-- Suite -->
</testng-results>
